Start testing: Apr 30 09:23 Œrodkowoeuropejski czas letni
----------------------------------------------------------
1/1 Testing: destination-rules-tests
1/1 Test: destination-rules-tests
Command: "C:/Users/Tomasz/CLionProjects/obs_multistream_plugin/build/Release/destination-rules-tests.exe"
Directory: C:/Users/Tomasz/CLionProjects/obs_multistream_plugin/build
"destination-rules-tests" start time: Apr 30 09:23 Œrodkowoeuropejski czas letni
Output:
----------------------------------------------------------
All destination rules tests passed
<end of output>
Test time =   0.01 sec
----------------------------------------------------------
Test Passed.
"destination-rules-tests" end time: Apr 30 09:23 Œrodkowoeuropejski czas letni
"destination-rules-tests" time elapsed: 00:00:00
----------------------------------------------------------

End testing: Apr 30 09:23 Œrodkowoeuropejski czas letni
